<?xml version="1.0" encoding="UTF-8"?>
<!-- Generated by org.testng.reporters.JUnitXMLReporter -->
<testsuite ignored="0" hostname="TNINCHD115" failures="0" tests="4" name="Default test" time="44.324" errors="0" timestamp="2025-04-23T18:11:34 IST">
  <testcase classname="com.qa.test.student_registration.VerifyStudentRegistation" name="TC_001_verifyStudentRegistration" time="4.569"/>
  <testcase classname="com.qa.test.student_registration.VerifyStudentRegistation" name="TC_002_verifyStudentEmail" time="15.791"/>
  <testcase classname="com.qa.test.student_registration.VerifyStudentRegistation" name="TC_003_loginByRegisterStudent" time="2.303"/>
  <testcase classname="com.qa.test.student_registration.VerifyStudentRegistation" name="TC_004_verifyStudentNameAfterLogin" time="7.705"/>
</testsuite> <!-- Default test -->
