<?xml version="1.0" encoding="UTF-8"?>
<!-- Generated by org.testng.reporters.JUnitXMLReporter -->
<testsuite ignored="0" hostname="TNINCHD115" failures="0" tests="11" name="Default test" time="200.191" errors="0" timestamp="2025-05-22T09:23:14 IST">
  <testcase classname="com.qa.test.AgentPortal.VerifyCreateNewStudent" name="TC_001_loginIntoWebApp" time="24.854"/>
  <testcase classname="com.qa.test.AgentPortal.VerifyCreateNewStudent" name="TC_002_goToAdmissionApplicationPage" time="13.751"/>
  <testcase classname="com.qa.test.AgentPortal.VerifyCreateNewStudent" name="TC_003_createNewStudent" time="16.743"/>
  <testcase classname="com.qa.test.AgentPortal.VerifyCreateNewStudent" name="TC_004_verifyCreatedNewStudentName" time="57.082"/>
  <testcase classname="com.qa.test.AgentPortal.VerifyCreateNewStudent" name="TC_005_verifyAddFamilyMember" time="6.303"/>
  <testcase classname="com.qa.test.AgentPortal.VerifyCreateNewStudent" name="TC_006_verifyCreatedFamMemberName" time="1.027"/>
  <testcase classname="com.qa.test.AgentPortal.VerifyCreateNewStudent" name="TC_007_verifyAddAddress" time="10.961"/>
  <testcase classname="com.qa.test.AgentPortal.VerifyCreateNewStudent" name="TC_008_verifyAddedAddressName" time="0.52"/>
  <testcase classname="com.qa.test.AgentPortal.VerifyCreateNewStudent" name="TC_009_addPassportDetails" time="4.44"/>
  <testcase classname="com.qa.test.AgentPortal.VerifyCreateNewStudent" name="TC_010_uploadPassportDocuments" time="35.528"/>
  <testcase classname="com.qa.test.AgentPortal.VerifyCreateNewStudent" name="TC_011_addVisaHistory" time="8.314"/>
</testsuite> <!-- Default test -->
