<?xml version="1.0" encoding="UTF-8"?>
<testng-results ignored="0" total="9" passed="8" failed="1" skipped="0">
  <reporter-output>
    <line>
      <![CDATA[<a href='C:\Users\vikas.verma\Automation-workspace\TechNext_Automation\TestReports\Screenshot\verifyAddedAddressName_20250514035456.png'> <img src='C:\Users\vikas.verma\Automation-workspace\TechNext_Automation\TestReports\Screenshot\verifyAddedAddressName_20250514035456.png' height='400' width='700'/> </a>]]>
    </line>
  </reporter-output>
  <suite started-at="2025-05-14T15:53:30 IST" name="Default suite" finished-at="2025-05-14T15:54:58 IST" duration-ms="88382">
    <groups>
    </groups>
    <test started-at="2025-05-14T15:53:30 IST" name="Default test" finished-at="2025-05-14T15:54:58 IST" duration-ms="88382">
      <class name="com.qa.test.create_new_student.VerifyCreateNewStudent">
        <test-method is-config="true" signature="startExtentReport()[pri:0, instance:com.qa.test.create_new_student.VerifyCreateNewStudent@b2f4ece]" started-at="2025-05-14T15:53:29 IST" name="startExtentReport" finished-at="2025-05-14T15:53:30 IST" duration-ms="1103" status="PASS">
          <reporter-output>
          </reporter-output>
        </test-method> <!-- startExtentReport -->
        <test-method is-config="true" signature="PreRequisite()[pri:0, instance:com.qa.test.create_new_student.VerifyCreateNewStudent@b2f4ece]" started-at="2025-05-14T15:53:30 IST" name="PreRequisite" finished-at="2025-05-14T15:53:40 IST" duration-ms="9611" status="PASS">
          <reporter-output>
          </reporter-output>
        </test-method> <!-- PreRequisite -->
        <test-method is-config="true" signature="beforeTestResult(java.lang.reflect.Method)[pri:0, instance:com.qa.test.create_new_student.VerifyCreateNewStudent@b2f4ece]" started-at="2025-05-14T15:53:40 IST" name="beforeTestResult" finished-at="2025-05-14T15:53:40 IST" duration-ms="13" status="PASS">
          <params>
            <param index="0">
              <value>
                <![CDATA[public void com.qa.test.create_new_student.VerifyCreateNewStudent.loginIntoWebApp() throws java.lang.InterruptedException]]>
              </value>
            </param>
          </params>
          <reporter-output>
          </reporter-output>
        </test-method> <!-- beforeTestResult -->
        <test-method signature="loginIntoWebApp()[pri:1, instance:com.qa.test.create_new_student.VerifyCreateNewStudent@b2f4ece]" started-at="2025-05-14T15:53:40 IST" name="loginIntoWebApp" finished-at="2025-05-14T15:54:12 IST" duration-ms="31811" status="PASS">
          <reporter-output>
          </reporter-output>
        </test-method> <!-- loginIntoWebApp -->
        <test-method is-config="true" signature="afterTestResult(org.testng.ITestResult)[pri:0, instance:com.qa.test.create_new_student.VerifyCreateNewStudent@b2f4ece]" started-at="2025-05-14T15:54:12 IST" name="afterTestResult" finished-at="2025-05-14T15:54:12 IST" duration-ms="5" status="PASS">
          <params>
            <param index="0">
              <value>
                <![CDATA[[TestResult name=loginIntoWebApp status=SUCCESS method=VerifyCreateNewStudent.loginIntoWebApp()[pri:1, instance:com.qa.test.create_new_student.VerifyCreateNewStudent@b2f4ece] output={null}]]]>
              </value>
            </param>
          </params>
          <reporter-output>
          </reporter-output>
        </test-method> <!-- afterTestResult -->
        <test-method is-config="true" signature="beforeTestResult(java.lang.reflect.Method)[pri:0, instance:com.qa.test.create_new_student.VerifyCreateNewStudent@b2f4ece]" started-at="2025-05-14T15:54:12 IST" name="beforeTestResult" finished-at="2025-05-14T15:54:12 IST" duration-ms="3" status="PASS">
          <params>
            <param index="0">
              <value>
                <![CDATA[public void com.qa.test.create_new_student.VerifyCreateNewStudent.goToAdmissionApplicationPage() throws java.lang.InterruptedException]]>
              </value>
            </param>
          </params>
          <reporter-output>
          </reporter-output>
        </test-method> <!-- beforeTestResult -->
        <test-method signature="goToAdmissionApplicationPage()[pri:2, instance:com.qa.test.create_new_student.VerifyCreateNewStudent@b2f4ece]" started-at="2025-05-14T15:54:12 IST" name="goToAdmissionApplicationPage" finished-at="2025-05-14T15:54:13 IST" duration-ms="894" status="PASS">
          <reporter-output>
          </reporter-output>
        </test-method> <!-- goToAdmissionApplicationPage -->
        <test-method is-config="true" signature="afterTestResult(org.testng.ITestResult)[pri:0, instance:com.qa.test.create_new_student.VerifyCreateNewStudent@b2f4ece]" started-at="2025-05-14T15:54:13 IST" name="afterTestResult" finished-at="2025-05-14T15:54:13 IST" duration-ms="2" status="PASS">
          <params>
            <param index="0">
              <value>
                <![CDATA[[TestResult name=goToAdmissionApplicationPage status=SUCCESS method=VerifyCreateNewStudent.goToAdmissionApplicationPage()[pri:2, instance:com.qa.test.create_new_student.VerifyCreateNewStudent@b2f4ece] output={null}]]]>
              </value>
            </param>
          </params>
          <reporter-output>
          </reporter-output>
        </test-method> <!-- afterTestResult -->
        <test-method is-config="true" signature="beforeTestResult(java.lang.reflect.Method)[pri:0, instance:com.qa.test.create_new_student.VerifyCreateNewStudent@b2f4ece]" started-at="2025-05-14T15:54:13 IST" name="beforeTestResult" finished-at="2025-05-14T15:54:13 IST" duration-ms="1" status="PASS">
          <params>
            <param index="0">
              <value>
                <![CDATA[public void com.qa.test.create_new_student.VerifyCreateNewStudent.createNewStudent()]]>
              </value>
            </param>
          </params>
          <reporter-output>
          </reporter-output>
        </test-method> <!-- beforeTestResult -->
        <test-method signature="createNewStudent()[pri:3, instance:com.qa.test.create_new_student.VerifyCreateNewStudent@b2f4ece]" started-at="2025-05-14T15:54:13 IST" name="createNewStudent" finished-at="2025-05-14T15:54:21 IST" duration-ms="8725" status="PASS">
          <reporter-output>
          </reporter-output>
        </test-method> <!-- createNewStudent -->
        <test-method is-config="true" signature="afterTestResult(org.testng.ITestResult)[pri:0, instance:com.qa.test.create_new_student.VerifyCreateNewStudent@b2f4ece]" started-at="2025-05-14T15:54:21 IST" name="afterTestResult" finished-at="2025-05-14T15:54:21 IST" duration-ms="1" status="PASS">
          <params>
            <param index="0">
              <value>
                <![CDATA[[TestResult name=createNewStudent status=SUCCESS method=VerifyCreateNewStudent.createNewStudent()[pri:3, instance:com.qa.test.create_new_student.VerifyCreateNewStudent@b2f4ece] output={null}]]]>
              </value>
            </param>
          </params>
          <reporter-output>
          </reporter-output>
        </test-method> <!-- afterTestResult -->
        <test-method is-config="true" signature="beforeTestResult(java.lang.reflect.Method)[pri:0, instance:com.qa.test.create_new_student.VerifyCreateNewStudent@b2f4ece]" started-at="2025-05-14T15:54:21 IST" name="beforeTestResult" finished-at="2025-05-14T15:54:21 IST" duration-ms="1" status="PASS">
          <params>
            <param index="0">
              <value>
                <![CDATA[public void com.qa.test.create_new_student.VerifyCreateNewStudent.verifyCreatedNewStudentName()]]>
              </value>
            </param>
          </params>
          <reporter-output>
          </reporter-output>
        </test-method> <!-- beforeTestResult -->
        <test-method signature="verifyCreatedNewStudentName()[pri:4, instance:com.qa.test.create_new_student.VerifyCreateNewStudent@b2f4ece]" started-at="2025-05-14T15:54:21 IST" name="verifyCreatedNewStudentName" finished-at="2025-05-14T15:54:33 IST" duration-ms="11379" status="PASS">
          <reporter-output>
          </reporter-output>
        </test-method> <!-- verifyCreatedNewStudentName -->
        <test-method is-config="true" signature="afterTestResult(org.testng.ITestResult)[pri:0, instance:com.qa.test.create_new_student.VerifyCreateNewStudent@b2f4ece]" started-at="2025-05-14T15:54:33 IST" name="afterTestResult" finished-at="2025-05-14T15:54:33 IST" duration-ms="2" status="PASS">
          <params>
            <param index="0">
              <value>
                <![CDATA[[TestResult name=verifyCreatedNewStudentName status=SUCCESS method=VerifyCreateNewStudent.verifyCreatedNewStudentName()[pri:4, instance:com.qa.test.create_new_student.VerifyCreateNewStudent@b2f4ece] output={null}]]]>
              </value>
            </param>
          </params>
          <reporter-output>
          </reporter-output>
        </test-method> <!-- afterTestResult -->
        <test-method is-config="true" signature="beforeTestResult(java.lang.reflect.Method)[pri:0, instance:com.qa.test.create_new_student.VerifyCreateNewStudent@b2f4ece]" started-at="2025-05-14T15:54:33 IST" name="beforeTestResult" finished-at="2025-05-14T15:54:33 IST" duration-ms="2" status="PASS">
          <params>
            <param index="0">
              <value>
                <![CDATA[public void com.qa.test.create_new_student.VerifyCreateNewStudent.verifyAddFamilyMember()]]>
              </value>
            </param>
          </params>
          <reporter-output>
          </reporter-output>
        </test-method> <!-- beforeTestResult -->
        <test-method signature="verifyAddFamilyMember()[pri:5, instance:com.qa.test.create_new_student.VerifyCreateNewStudent@b2f4ece]" started-at="2025-05-14T15:54:33 IST" name="verifyAddFamilyMember" finished-at="2025-05-14T15:54:36 IST" duration-ms="2969" status="PASS">
          <reporter-output>
          </reporter-output>
        </test-method> <!-- verifyAddFamilyMember -->
        <test-method is-config="true" signature="afterTestResult(org.testng.ITestResult)[pri:0, instance:com.qa.test.create_new_student.VerifyCreateNewStudent@b2f4ece]" started-at="2025-05-14T15:54:36 IST" name="afterTestResult" finished-at="2025-05-14T15:54:36 IST" duration-ms="2" status="PASS">
          <params>
            <param index="0">
              <value>
                <![CDATA[[TestResult name=verifyAddFamilyMember status=SUCCESS method=VerifyCreateNewStudent.verifyAddFamilyMember()[pri:5, instance:com.qa.test.create_new_student.VerifyCreateNewStudent@b2f4ece] output={null}]]]>
              </value>
            </param>
          </params>
          <reporter-output>
          </reporter-output>
        </test-method> <!-- afterTestResult -->
        <test-method is-config="true" signature="beforeTestResult(java.lang.reflect.Method)[pri:0, instance:com.qa.test.create_new_student.VerifyCreateNewStudent@b2f4ece]" started-at="2025-05-14T15:54:36 IST" name="beforeTestResult" finished-at="2025-05-14T15:54:36 IST" duration-ms="2" status="PASS">
          <params>
            <param index="0">
              <value>
                <![CDATA[public void com.qa.test.create_new_student.VerifyCreateNewStudent.verifyCreatedFamMemberName()]]>
              </value>
            </param>
          </params>
          <reporter-output>
          </reporter-output>
        </test-method> <!-- beforeTestResult -->
        <test-method signature="verifyCreatedFamMemberName()[pri:6, instance:com.qa.test.create_new_student.VerifyCreateNewStudent@b2f4ece]" started-at="2025-05-14T15:54:36 IST" name="verifyCreatedFamMemberName" finished-at="2025-05-14T15:54:37 IST" duration-ms="1040" status="PASS">
          <reporter-output>
          </reporter-output>
        </test-method> <!-- verifyCreatedFamMemberName -->
        <test-method is-config="true" signature="afterTestResult(org.testng.ITestResult)[pri:0, instance:com.qa.test.create_new_student.VerifyCreateNewStudent@b2f4ece]" started-at="2025-05-14T15:54:37 IST" name="afterTestResult" finished-at="2025-05-14T15:54:37 IST" duration-ms="2" status="PASS">
          <params>
            <param index="0">
              <value>
                <![CDATA[[TestResult name=verifyCreatedFamMemberName status=SUCCESS method=VerifyCreateNewStudent.verifyCreatedFamMemberName()[pri:6, instance:com.qa.test.create_new_student.VerifyCreateNewStudent@b2f4ece] output={null}]]]>
              </value>
            </param>
          </params>
          <reporter-output>
          </reporter-output>
        </test-method> <!-- afterTestResult -->
        <test-method is-config="true" signature="beforeTestResult(java.lang.reflect.Method)[pri:0, instance:com.qa.test.create_new_student.VerifyCreateNewStudent@b2f4ece]" started-at="2025-05-14T15:54:37 IST" name="beforeTestResult" finished-at="2025-05-14T15:54:37 IST" duration-ms="1" status="PASS">
          <params>
            <param index="0">
              <value>
                <![CDATA[public void com.qa.test.create_new_student.VerifyCreateNewStudent.verifyAddAddress()]]>
              </value>
            </param>
          </params>
          <reporter-output>
          </reporter-output>
        </test-method> <!-- beforeTestResult -->
        <test-method signature="verifyAddAddress()[pri:7, instance:com.qa.test.create_new_student.VerifyCreateNewStudent@b2f4ece]" started-at="2025-05-14T15:54:37 IST" name="verifyAddAddress" finished-at="2025-05-14T15:54:46 IST" duration-ms="8832" status="PASS">
          <reporter-output>
          </reporter-output>
        </test-method> <!-- verifyAddAddress -->
        <test-method is-config="true" signature="afterTestResult(org.testng.ITestResult)[pri:0, instance:com.qa.test.create_new_student.VerifyCreateNewStudent@b2f4ece]" started-at="2025-05-14T15:54:46 IST" name="afterTestResult" finished-at="2025-05-14T15:54:46 IST" duration-ms="1" status="PASS">
          <params>
            <param index="0">
              <value>
                <![CDATA[[TestResult name=verifyAddAddress status=SUCCESS method=VerifyCreateNewStudent.verifyAddAddress()[pri:7, instance:com.qa.test.create_new_student.VerifyCreateNewStudent@b2f4ece] output={null}]]]>
              </value>
            </param>
          </params>
          <reporter-output>
          </reporter-output>
        </test-method> <!-- afterTestResult -->
        <test-method is-config="true" signature="beforeTestResult(java.lang.reflect.Method)[pri:0, instance:com.qa.test.create_new_student.VerifyCreateNewStudent@b2f4ece]" started-at="2025-05-14T15:54:46 IST" name="beforeTestResult" finished-at="2025-05-14T15:54:46 IST" duration-ms="1" status="PASS">
          <params>
            <param index="0">
              <value>
                <![CDATA[public void com.qa.test.create_new_student.VerifyCreateNewStudent.verifyAddedAddressName()]]>
              </value>
            </param>
          </params>
          <reporter-output>
          </reporter-output>
        </test-method> <!-- beforeTestResult -->
        <test-method signature="verifyAddedAddressName()[pri:8, instance:com.qa.test.create_new_student.VerifyCreateNewStudent@b2f4ece]" started-at="2025-05-14T15:54:46 IST" name="verifyAddedAddressName" finished-at="2025-05-14T15:54:56 IST" duration-ms="10168" status="FAIL">
          <exception class="java.lang.AssertionError">
            <message>
              <![CDATA[null]]>
            </message>
            <full-stacktrace>
              <![CDATA[java.lang.AssertionError: null
at org.testng.Assert.fail(Assert.java:111)
at org.testng.Assert.fail(Assert.java:116)
at com.qa.test.create_new_student.VerifyCreateNewStudent.verifyAddedAddressName(VerifyCreateNewStudent.java:155)
at java.base/jdk.internal.reflect.DirectMethodHandleAccessor.invoke(DirectMethodHandleAccessor.java:103)
at java.base/java.lang.reflect.Method.invoke(Method.java:580)
at org.testng.internal.invokers.MethodInvocationHelper.invokeMethod(MethodInvocationHelper.java:141)
at org.testng.internal.invokers.TestInvoker.invokeMethod(TestInvoker.java:687)
at org.testng.internal.invokers.TestInvoker.invokeTestMethod(TestInvoker.java:230)
at org.testng.internal.invokers.MethodRunner.runInSequence(MethodRunner.java:63)
at org.testng.internal.invokers.TestInvoker$MethodInvocationAgent.invoke(TestInvoker.java:995)
at org.testng.internal.invokers.TestInvoker.invokeTestMethods(TestInvoker.java:203)
at org.testng.internal.invokers.TestMethodWorker.invokeTestMethods(TestMethodWorker.java:154)
at org.testng.internal.invokers.TestMethodWorker.run(TestMethodWorker.java:134)
at java.base/java.util.ArrayList.forEach(ArrayList.java:1596)
at org.testng.TestRunner.privateRun(TestRunner.java:741)
at org.testng.TestRunner.run(TestRunner.java:616)
at org.testng.SuiteRunner.runTest(SuiteRunner.java:421)
at org.testng.SuiteRunner.runSequentially(SuiteRunner.java:413)
at org.testng.SuiteRunner.privateRun(SuiteRunner.java:373)
at org.testng.SuiteRunner.run(SuiteRunner.java:312)
at org.testng.SuiteRunnerWorker.runSuite(SuiteRunnerWorker.java:52)
at org.testng.SuiteRunnerWorker.run(SuiteRunnerWorker.java:95)
at org.testng.TestNG.runSuitesSequentially(TestNG.java:1274)
at org.testng.TestNG.runSuitesLocally(TestNG.java:1208)
at org.testng.TestNG.runSuites(TestNG.java:1112)
at org.testng.TestNG.run(TestNG.java:1079)
at org.testng.remote.AbstractRemoteTestNG.run(AbstractRemoteTestNG.java:115)
at org.testng.remote.RemoteTestNG.initAndRun(RemoteTestNG.java:293)
at org.testng.remote.RemoteTestNG.main(RemoteTestNG.java:91)
]]>
            </full-stacktrace>
          </exception> <!-- java.lang.AssertionError -->
          <reporter-output>
          </reporter-output>
        </test-method> <!-- verifyAddedAddressName -->
        <test-method is-config="true" signature="afterTestResult(org.testng.ITestResult)[pri:0, instance:com.qa.test.create_new_student.VerifyCreateNewStudent@b2f4ece]" started-at="2025-05-14T15:54:56 IST" name="afterTestResult" finished-at="2025-05-14T15:54:56 IST" duration-ms="209" status="PASS">
          <params>
            <param index="0">
              <value>
                <![CDATA[[TestResult name=verifyAddedAddressName status=FAILURE method=VerifyCreateNewStudent.verifyAddedAddressName()[pri:8, instance:com.qa.test.create_new_student.VerifyCreateNewStudent@b2f4ece] output={null}]]]>
              </value>
            </param>
          </params>
          <reporter-output>
            <line>
              <![CDATA[<a href='C:\Users\vikas.verma\Automation-workspace\TechNext_Automation\TestReports\Screenshot\verifyAddedAddressName_20250514035456.png'> <img src='C:\Users\vikas.verma\Automation-workspace\TechNext_Automation\TestReports\Screenshot\verifyAddedAddressName_20250514035456.png' height='400' width='700'/> </a>]]>
            </line>
          </reporter-output>
        </test-method> <!-- afterTestResult -->
        <test-method is-config="true" signature="beforeTestResult(java.lang.reflect.Method)[pri:0, instance:com.qa.test.create_new_student.VerifyCreateNewStudent@b2f4ece]" started-at="2025-05-14T15:54:56 IST" name="beforeTestResult" finished-at="2025-05-14T15:54:56 IST" duration-ms="1" status="PASS">
          <params>
            <param index="0">
              <value>
                <![CDATA[public void com.qa.test.create_new_student.VerifyCreateNewStudent.addPassportDetails()]]>
              </value>
            </param>
          </params>
          <reporter-output>
          </reporter-output>
        </test-method> <!-- beforeTestResult -->
        <test-method signature="addPassportDetails()[pri:9, instance:com.qa.test.create_new_student.VerifyCreateNewStudent@b2f4ece]" started-at="2025-05-14T15:54:56 IST" name="addPassportDetails" finished-at="2025-05-14T15:54:58 IST" duration-ms="2412" status="PASS">
          <reporter-output>
          </reporter-output>
        </test-method> <!-- addPassportDetails -->
        <test-method is-config="true" signature="afterTestResult(org.testng.ITestResult)[pri:0, instance:com.qa.test.create_new_student.VerifyCreateNewStudent@b2f4ece]" started-at="2025-05-14T15:54:58 IST" name="afterTestResult" finished-at="2025-05-14T15:54:58 IST" duration-ms="2" status="PASS">
          <params>
            <param index="0">
              <value>
                <![CDATA[[TestResult name=addPassportDetails status=SUCCESS method=VerifyCreateNewStudent.addPassportDetails()[pri:9, instance:com.qa.test.create_new_student.VerifyCreateNewStudent@b2f4ece] output={null}]]]>
              </value>
            </param>
          </params>
          <reporter-output>
          </reporter-output>
        </test-method> <!-- afterTestResult -->
        <test-method is-config="true" signature="endExtentReport()[pri:0, instance:com.qa.test.create_new_student.VerifyCreateNewStudent@b2f4ece]" started-at="2025-05-14T15:54:58 IST" name="endExtentReport" finished-at="2025-05-14T15:54:59 IST" duration-ms="979" status="FAIL">
          <exception class="java.io.IOException">
            <message>
              <![CDATA[Cannot run program "C:\Users\vikas.verma\Automation-workspace\TechNext_Automation/allureReport.bat": CreateProcess error=2, The system cannot find the file specified]]>
            </message>
            <full-stacktrace>
              <![CDATA[java.io.IOException: Cannot run program "C:\Users\vikas.verma\Automation-workspace\TechNext_Automation/allureReport.bat": CreateProcess error=2, The system cannot find the file specified
at java.base/java.lang.ProcessBuilder.start(ProcessBuilder.java:1170)
at java.base/java.lang.ProcessBuilder.start(ProcessBuilder.java:1089)
at com.ascentone.qa.base.TestBase.runBatFile(TestBase.java:183)
at com.ascentone.qa.base.TestBase.gererateAllureReport(TestBase.java:281)
at com.ascentone.qa.base.TestBase.endExtentReport(TestBase.java:273)
at java.base/jdk.internal.reflect.DirectMethodHandleAccessor.invoke(DirectMethodHandleAccessor.java:103)
at java.base/java.lang.reflect.Method.invoke(Method.java:580)
at org.testng.internal.invokers.MethodInvocationHelper.invokeMethod(MethodInvocationHelper.java:141)
at org.testng.internal.invokers.MethodInvocationHelper.invokeMethodConsideringTimeout(MethodInvocationHelper.java:71)
at org.testng.internal.invokers.ConfigInvoker.invokeConfigurationMethod(ConfigInvoker.java:400)
at org.testng.internal.invokers.ConfigInvoker.invokeConfigurations(ConfigInvoker.java:333)
at org.testng.SuiteRunner.privateRun(SuiteRunner.java:386)
at org.testng.SuiteRunner.run(SuiteRunner.java:312)
at org.testng.SuiteRunnerWorker.runSuite(SuiteRunnerWorker.java:52)
at org.testng.SuiteRunnerWorker.run(SuiteRunnerWorker.java:95)
at org.testng.TestNG.runSuitesSequentially(TestNG.java:1274)
at org.testng.TestNG.runSuitesLocally(TestNG.java:1208)
at org.testng.TestNG.runSuites(TestNG.java:1112)
at org.testng.TestNG.run(TestNG.java:1079)
at org.testng.remote.AbstractRemoteTestNG.run(AbstractRemoteTestNG.java:115)
at org.testng.remote.RemoteTestNG.initAndRun(RemoteTestNG.java:293)
at org.testng.remote.RemoteTestNG.main(RemoteTestNG.java:91)
Caused by: java.io.IOException: CreateProcess error=2, The system cannot find the file specified
at java.base/java.lang.ProcessImpl.create(Native Method)
at java.base/java.lang.ProcessImpl.<init>(ProcessImpl.java:506)
at java.base/java.lang.ProcessImpl.start(ProcessImpl.java:159)
at java.base/java.lang.ProcessBuilder.start(ProcessBuilder.java:1126)
... 21 more
]]>
            </full-stacktrace>
          </exception> <!-- java.io.IOException -->
          <reporter-output>
          </reporter-output>
        </test-method> <!-- endExtentReport -->
      </class> <!-- com.qa.test.create_new_student.VerifyCreateNewStudent -->
    </test> <!-- Default test -->
  </suite> <!-- Default suite -->
</testng-results>
