<?xml version="1.0" encoding="UTF-8"?>
<testng-results ignored="0" total="11" passed="11" failed="0" skipped="0">
  <reporter-output>
  </reporter-output>
  <suite started-at="2025-05-22T09:19:54 IST" name="Default suite" finished-at="2025-05-22T09:23:14 IST" duration-ms="200191">
    <groups>
    </groups>
    <test started-at="2025-05-22T09:19:54 IST" name="Default test" finished-at="2025-05-22T09:23:14 IST" duration-ms="200191">
      <class name="com.qa.test.AgentPortal.VerifyCreateNewStudent">
        <test-method is-config="true" signature="startExtentReport()[pri:0, instance:com.qa.test.AgentPortal.VerifyCreateNewStudent@1fba386c]" started-at="2025-05-22T09:19:52 IST" name="startExtentReport" finished-at="2025-05-22T09:19:54 IST" duration-ms="2148" status="PASS">
          <reporter-output>
          </reporter-output>
        </test-method> <!-- startExtentReport -->
        <test-method is-config="true" signature="PreRequisite()[pri:0, instance:com.qa.test.AgentPortal.VerifyCreateNewStudent@1fba386c]" started-at="2025-05-22T09:19:54 IST" name="PreRequisite" finished-at="2025-05-22T09:20:13 IST" duration-ms="19102" status="PASS">
          <reporter-output>
          </reporter-output>
        </test-method> <!-- PreRequisite -->
        <test-method is-config="true" signature="beforeTestResult(java.lang.reflect.Method)[pri:0, instance:com.qa.test.AgentPortal.VerifyCreateNewStudent@1fba386c]" started-at="2025-05-22T09:20:13 IST" name="beforeTestResult" finished-at="2025-05-22T09:20:13 IST" duration-ms="80" status="PASS">
          <params>
            <param index="0">
              <value>
                <![CDATA[public void com.qa.test.AgentPortal.VerifyCreateNewStudent.TC_001_loginIntoWebApp() throws java.lang.InterruptedException]]>
              </value>
            </param>
          </params>
          <reporter-output>
          </reporter-output>
        </test-method> <!-- beforeTestResult -->
        <test-method signature="TC_001_loginIntoWebApp()[pri:1, instance:com.qa.test.AgentPortal.VerifyCreateNewStudent@1fba386c]" started-at="2025-05-22T09:20:14 IST" name="TC_001_loginIntoWebApp" finished-at="2025-05-22T09:20:39 IST" duration-ms="24854" status="PASS">
          <reporter-output>
          </reporter-output>
        </test-method> <!-- TC_001_loginIntoWebApp -->
        <test-method is-config="true" signature="afterTestResult(org.testng.ITestResult)[pri:0, instance:com.qa.test.AgentPortal.VerifyCreateNewStudent@1fba386c]" started-at="2025-05-22T09:20:39 IST" name="afterTestResult" finished-at="2025-05-22T09:20:39 IST" duration-ms="6" status="PASS">
          <params>
            <param index="0">
              <value>
                <![CDATA[[TestResult name=TC_001_loginIntoWebApp status=SUCCESS method=VerifyCreateNewStudent.TC_001_loginIntoWebApp()[pri:1, instance:com.qa.test.AgentPortal.VerifyCreateNewStudent@1fba386c] output={null}]]]>
              </value>
            </param>
          </params>
          <reporter-output>
          </reporter-output>
        </test-method> <!-- afterTestResult -->
        <test-method is-config="true" signature="beforeTestResult(java.lang.reflect.Method)[pri:0, instance:com.qa.test.AgentPortal.VerifyCreateNewStudent@1fba386c]" started-at="2025-05-22T09:20:39 IST" name="beforeTestResult" finished-at="2025-05-22T09:20:39 IST" duration-ms="3" status="PASS">
          <params>
            <param index="0">
              <value>
                <![CDATA[public void com.qa.test.AgentPortal.VerifyCreateNewStudent.TC_002_goToAdmissionApplicationPage() throws java.lang.InterruptedException]]>
              </value>
            </param>
          </params>
          <reporter-output>
          </reporter-output>
        </test-method> <!-- beforeTestResult -->
        <test-method signature="TC_002_goToAdmissionApplicationPage()[pri:2, instance:com.qa.test.AgentPortal.VerifyCreateNewStudent@1fba386c]" started-at="2025-05-22T09:20:39 IST" name="TC_002_goToAdmissionApplicationPage" finished-at="2025-05-22T09:20:52 IST" duration-ms="13751" status="PASS">
          <reporter-output>
          </reporter-output>
        </test-method> <!-- TC_002_goToAdmissionApplicationPage -->
        <test-method is-config="true" signature="afterTestResult(org.testng.ITestResult)[pri:0, instance:com.qa.test.AgentPortal.VerifyCreateNewStudent@1fba386c]" started-at="2025-05-22T09:20:52 IST" name="afterTestResult" finished-at="2025-05-22T09:20:52 IST" duration-ms="4" status="PASS">
          <params>
            <param index="0">
              <value>
                <![CDATA[[TestResult name=TC_002_goToAdmissionApplicationPage status=SUCCESS method=VerifyCreateNewStudent.TC_002_goToAdmissionApplicationPage()[pri:2, instance:com.qa.test.AgentPortal.VerifyCreateNewStudent@1fba386c] output={null}]]]>
              </value>
            </param>
          </params>
          <reporter-output>
          </reporter-output>
        </test-method> <!-- afterTestResult -->
        <test-method is-config="true" signature="beforeTestResult(java.lang.reflect.Method)[pri:0, instance:com.qa.test.AgentPortal.VerifyCreateNewStudent@1fba386c]" started-at="2025-05-22T09:20:52 IST" name="beforeTestResult" finished-at="2025-05-22T09:20:52 IST" duration-ms="4" status="PASS">
          <params>
            <param index="0">
              <value>
                <![CDATA[public void com.qa.test.AgentPortal.VerifyCreateNewStudent.TC_003_createNewStudent()]]>
              </value>
            </param>
          </params>
          <reporter-output>
          </reporter-output>
        </test-method> <!-- beforeTestResult -->
        <test-method signature="TC_003_createNewStudent()[pri:3, instance:com.qa.test.AgentPortal.VerifyCreateNewStudent@1fba386c]" started-at="2025-05-22T09:20:52 IST" name="TC_003_createNewStudent" finished-at="2025-05-22T09:21:09 IST" duration-ms="16743" status="PASS">
          <reporter-output>
          </reporter-output>
        </test-method> <!-- TC_003_createNewStudent -->
        <test-method is-config="true" signature="afterTestResult(org.testng.ITestResult)[pri:0, instance:com.qa.test.AgentPortal.VerifyCreateNewStudent@1fba386c]" started-at="2025-05-22T09:21:09 IST" name="afterTestResult" finished-at="2025-05-22T09:21:09 IST" duration-ms="4" status="PASS">
          <params>
            <param index="0">
              <value>
                <![CDATA[[TestResult name=TC_003_createNewStudent status=SUCCESS method=VerifyCreateNewStudent.TC_003_createNewStudent()[pri:3, instance:com.qa.test.AgentPortal.VerifyCreateNewStudent@1fba386c] output={null}]]]>
              </value>
            </param>
          </params>
          <reporter-output>
          </reporter-output>
        </test-method> <!-- afterTestResult -->
        <test-method is-config="true" signature="beforeTestResult(java.lang.reflect.Method)[pri:0, instance:com.qa.test.AgentPortal.VerifyCreateNewStudent@1fba386c]" started-at="2025-05-22T09:21:09 IST" name="beforeTestResult" finished-at="2025-05-22T09:21:09 IST" duration-ms="2" status="PASS">
          <params>
            <param index="0">
              <value>
                <![CDATA[public void com.qa.test.AgentPortal.VerifyCreateNewStudent.TC_004_verifyCreatedNewStudentName()]]>
              </value>
            </param>
          </params>
          <reporter-output>
          </reporter-output>
        </test-method> <!-- beforeTestResult -->
        <test-method signature="TC_004_verifyCreatedNewStudentName()[pri:4, instance:com.qa.test.AgentPortal.VerifyCreateNewStudent@1fba386c]" started-at="2025-05-22T09:21:09 IST" name="TC_004_verifyCreatedNewStudentName" finished-at="2025-05-22T09:22:06 IST" duration-ms="57082" status="PASS">
          <reporter-output>
          </reporter-output>
        </test-method> <!-- TC_004_verifyCreatedNewStudentName -->
        <test-method is-config="true" signature="afterTestResult(org.testng.ITestResult)[pri:0, instance:com.qa.test.AgentPortal.VerifyCreateNewStudent@1fba386c]" started-at="2025-05-22T09:22:06 IST" name="afterTestResult" finished-at="2025-05-22T09:22:06 IST" duration-ms="3" status="PASS">
          <params>
            <param index="0">
              <value>
                <![CDATA[[TestResult name=TC_004_verifyCreatedNewStudentName status=SUCCESS method=VerifyCreateNewStudent.TC_004_verifyCreatedNewStudentName()[pri:4, instance:com.qa.test.AgentPortal.VerifyCreateNewStudent@1fba386c] output={null}]]]>
              </value>
            </param>
          </params>
          <reporter-output>
          </reporter-output>
        </test-method> <!-- afterTestResult -->
        <test-method is-config="true" signature="beforeTestResult(java.lang.reflect.Method)[pri:0, instance:com.qa.test.AgentPortal.VerifyCreateNewStudent@1fba386c]" started-at="2025-05-22T09:22:06 IST" name="beforeTestResult" finished-at="2025-05-22T09:22:06 IST" duration-ms="2" status="PASS">
          <params>
            <param index="0">
              <value>
                <![CDATA[public void com.qa.test.AgentPortal.VerifyCreateNewStudent.TC_005_verifyAddFamilyMember()]]>
              </value>
            </param>
          </params>
          <reporter-output>
          </reporter-output>
        </test-method> <!-- beforeTestResult -->
        <test-method signature="TC_005_verifyAddFamilyMember()[pri:5, instance:com.qa.test.AgentPortal.VerifyCreateNewStudent@1fba386c]" started-at="2025-05-22T09:22:06 IST" name="TC_005_verifyAddFamilyMember" finished-at="2025-05-22T09:22:13 IST" duration-ms="6303" status="PASS">
          <reporter-output>
          </reporter-output>
        </test-method> <!-- TC_005_verifyAddFamilyMember -->
        <test-method is-config="true" signature="afterTestResult(org.testng.ITestResult)[pri:0, instance:com.qa.test.AgentPortal.VerifyCreateNewStudent@1fba386c]" started-at="2025-05-22T09:22:13 IST" name="afterTestResult" finished-at="2025-05-22T09:22:13 IST" duration-ms="3" status="PASS">
          <params>
            <param index="0">
              <value>
                <![CDATA[[TestResult name=TC_005_verifyAddFamilyMember status=SUCCESS method=VerifyCreateNewStudent.TC_005_verifyAddFamilyMember()[pri:5, instance:com.qa.test.AgentPortal.VerifyCreateNewStudent@1fba386c] output={null}]]]>
              </value>
            </param>
          </params>
          <reporter-output>
          </reporter-output>
        </test-method> <!-- afterTestResult -->
        <test-method is-config="true" signature="beforeTestResult(java.lang.reflect.Method)[pri:0, instance:com.qa.test.AgentPortal.VerifyCreateNewStudent@1fba386c]" started-at="2025-05-22T09:22:13 IST" name="beforeTestResult" finished-at="2025-05-22T09:22:13 IST" duration-ms="3" status="PASS">
          <params>
            <param index="0">
              <value>
                <![CDATA[public void com.qa.test.AgentPortal.VerifyCreateNewStudent.TC_006_verifyCreatedFamMemberName()]]>
              </value>
            </param>
          </params>
          <reporter-output>
          </reporter-output>
        </test-method> <!-- beforeTestResult -->
        <test-method signature="TC_006_verifyCreatedFamMemberName()[pri:6, instance:com.qa.test.AgentPortal.VerifyCreateNewStudent@1fba386c]" started-at="2025-05-22T09:22:13 IST" name="TC_006_verifyCreatedFamMemberName" finished-at="2025-05-22T09:22:14 IST" duration-ms="1027" status="PASS">
          <reporter-output>
          </reporter-output>
        </test-method> <!-- TC_006_verifyCreatedFamMemberName -->
        <test-method is-config="true" signature="afterTestResult(org.testng.ITestResult)[pri:0, instance:com.qa.test.AgentPortal.VerifyCreateNewStudent@1fba386c]" started-at="2025-05-22T09:22:14 IST" name="afterTestResult" finished-at="2025-05-22T09:22:14 IST" duration-ms="4" status="PASS">
          <params>
            <param index="0">
              <value>
                <![CDATA[[TestResult name=TC_006_verifyCreatedFamMemberName status=SUCCESS method=VerifyCreateNewStudent.TC_006_verifyCreatedFamMemberName()[pri:6, instance:com.qa.test.AgentPortal.VerifyCreateNewStudent@1fba386c] output={null}]]]>
              </value>
            </param>
          </params>
          <reporter-output>
          </reporter-output>
        </test-method> <!-- afterTestResult -->
        <test-method is-config="true" signature="beforeTestResult(java.lang.reflect.Method)[pri:0, instance:com.qa.test.AgentPortal.VerifyCreateNewStudent@1fba386c]" started-at="2025-05-22T09:22:14 IST" name="beforeTestResult" finished-at="2025-05-22T09:22:14 IST" duration-ms="4" status="PASS">
          <params>
            <param index="0">
              <value>
                <![CDATA[public void com.qa.test.AgentPortal.VerifyCreateNewStudent.TC_007_verifyAddAddress()]]>
              </value>
            </param>
          </params>
          <reporter-output>
          </reporter-output>
        </test-method> <!-- beforeTestResult -->
        <test-method signature="TC_007_verifyAddAddress()[pri:7, instance:com.qa.test.AgentPortal.VerifyCreateNewStudent@1fba386c]" started-at="2025-05-22T09:22:14 IST" name="TC_007_verifyAddAddress" finished-at="2025-05-22T09:22:25 IST" duration-ms="10961" status="PASS">
          <reporter-output>
          </reporter-output>
        </test-method> <!-- TC_007_verifyAddAddress -->
        <test-method is-config="true" signature="afterTestResult(org.testng.ITestResult)[pri:0, instance:com.qa.test.AgentPortal.VerifyCreateNewStudent@1fba386c]" started-at="2025-05-22T09:22:25 IST" name="afterTestResult" finished-at="2025-05-22T09:22:25 IST" duration-ms="3" status="PASS">
          <params>
            <param index="0">
              <value>
                <![CDATA[[TestResult name=TC_007_verifyAddAddress status=SUCCESS method=VerifyCreateNewStudent.TC_007_verifyAddAddress()[pri:7, instance:com.qa.test.AgentPortal.VerifyCreateNewStudent@1fba386c] output={null}]]]>
              </value>
            </param>
          </params>
          <reporter-output>
          </reporter-output>
        </test-method> <!-- afterTestResult -->
        <test-method is-config="true" signature="beforeTestResult(java.lang.reflect.Method)[pri:0, instance:com.qa.test.AgentPortal.VerifyCreateNewStudent@1fba386c]" started-at="2025-05-22T09:22:25 IST" name="beforeTestResult" finished-at="2025-05-22T09:22:25 IST" duration-ms="2" status="PASS">
          <params>
            <param index="0">
              <value>
                <![CDATA[public void com.qa.test.AgentPortal.VerifyCreateNewStudent.TC_008_verifyAddedAddressName()]]>
              </value>
            </param>
          </params>
          <reporter-output>
          </reporter-output>
        </test-method> <!-- beforeTestResult -->
        <test-method signature="TC_008_verifyAddedAddressName()[pri:8, instance:com.qa.test.AgentPortal.VerifyCreateNewStudent@1fba386c]" started-at="2025-05-22T09:22:25 IST" name="TC_008_verifyAddedAddressName" finished-at="2025-05-22T09:22:25 IST" duration-ms="520" status="PASS">
          <reporter-output>
          </reporter-output>
        </test-method> <!-- TC_008_verifyAddedAddressName -->
        <test-method is-config="true" signature="afterTestResult(org.testng.ITestResult)[pri:0, instance:com.qa.test.AgentPortal.VerifyCreateNewStudent@1fba386c]" started-at="2025-05-22T09:22:25 IST" name="afterTestResult" finished-at="2025-05-22T09:22:25 IST" duration-ms="3" status="PASS">
          <params>
            <param index="0">
              <value>
                <![CDATA[[TestResult name=TC_008_verifyAddedAddressName status=SUCCESS method=VerifyCreateNewStudent.TC_008_verifyAddedAddressName()[pri:8, instance:com.qa.test.AgentPortal.VerifyCreateNewStudent@1fba386c] output={null}]]]>
              </value>
            </param>
          </params>
          <reporter-output>
          </reporter-output>
        </test-method> <!-- afterTestResult -->
        <test-method is-config="true" signature="beforeTestResult(java.lang.reflect.Method)[pri:0, instance:com.qa.test.AgentPortal.VerifyCreateNewStudent@1fba386c]" started-at="2025-05-22T09:22:25 IST" name="beforeTestResult" finished-at="2025-05-22T09:22:25 IST" duration-ms="3" status="PASS">
          <params>
            <param index="0">
              <value>
                <![CDATA[public void com.qa.test.AgentPortal.VerifyCreateNewStudent.TC_009_addPassportDetails()]]>
              </value>
            </param>
          </params>
          <reporter-output>
          </reporter-output>
        </test-method> <!-- beforeTestResult -->
        <test-method signature="TC_009_addPassportDetails()[pri:9, instance:com.qa.test.AgentPortal.VerifyCreateNewStudent@1fba386c]" started-at="2025-05-22T09:22:25 IST" name="TC_009_addPassportDetails" finished-at="2025-05-22T09:22:30 IST" duration-ms="4440" status="PASS">
          <reporter-output>
          </reporter-output>
        </test-method> <!-- TC_009_addPassportDetails -->
        <test-method is-config="true" signature="afterTestResult(org.testng.ITestResult)[pri:0, instance:com.qa.test.AgentPortal.VerifyCreateNewStudent@1fba386c]" started-at="2025-05-22T09:22:30 IST" name="afterTestResult" finished-at="2025-05-22T09:22:30 IST" duration-ms="3" status="PASS">
          <params>
            <param index="0">
              <value>
                <![CDATA[[TestResult name=TC_009_addPassportDetails status=SUCCESS method=VerifyCreateNewStudent.TC_009_addPassportDetails()[pri:9, instance:com.qa.test.AgentPortal.VerifyCreateNewStudent@1fba386c] output={null}]]]>
              </value>
            </param>
          </params>
          <reporter-output>
          </reporter-output>
        </test-method> <!-- afterTestResult -->
        <test-method is-config="true" signature="beforeTestResult(java.lang.reflect.Method)[pri:0, instance:com.qa.test.AgentPortal.VerifyCreateNewStudent@1fba386c]" started-at="2025-05-22T09:22:30 IST" name="beforeTestResult" finished-at="2025-05-22T09:22:30 IST" duration-ms="3" status="PASS">
          <params>
            <param index="0">
              <value>
                <![CDATA[public void com.qa.test.AgentPortal.VerifyCreateNewStudent.TC_010_uploadPassportDocuments() throws java.lang.InterruptedException,java.awt.AWTException]]>
              </value>
            </param>
          </params>
          <reporter-output>
          </reporter-output>
        </test-method> <!-- beforeTestResult -->
        <test-method signature="TC_010_uploadPassportDocuments()[pri:10, instance:com.qa.test.AgentPortal.VerifyCreateNewStudent@1fba386c]" started-at="2025-05-22T09:22:30 IST" name="TC_010_uploadPassportDocuments" finished-at="2025-05-22T09:23:05 IST" depends-on-methods="com.qa.test.AgentPortal.VerifyCreateNewStudent.TC_009_addPassportDetails" duration-ms="35528" status="PASS">
          <reporter-output>
          </reporter-output>
        </test-method> <!-- TC_010_uploadPassportDocuments -->
        <test-method is-config="true" signature="afterTestResult(org.testng.ITestResult)[pri:0, instance:com.qa.test.AgentPortal.VerifyCreateNewStudent@1fba386c]" started-at="2025-05-22T09:23:05 IST" name="afterTestResult" finished-at="2025-05-22T09:23:05 IST" duration-ms="4" status="PASS">
          <params>
            <param index="0">
              <value>
                <![CDATA[[TestResult name=TC_010_uploadPassportDocuments status=SUCCESS method=VerifyCreateNewStudent.TC_010_uploadPassportDocuments()[pri:10, instance:com.qa.test.AgentPortal.VerifyCreateNewStudent@1fba386c] output={null}]]]>
              </value>
            </param>
          </params>
          <reporter-output>
          </reporter-output>
        </test-method> <!-- afterTestResult -->
        <test-method is-config="true" signature="beforeTestResult(java.lang.reflect.Method)[pri:0, instance:com.qa.test.AgentPortal.VerifyCreateNewStudent@1fba386c]" started-at="2025-05-22T09:23:05 IST" name="beforeTestResult" finished-at="2025-05-22T09:23:05 IST" duration-ms="4" status="PASS">
          <params>
            <param index="0">
              <value>
                <![CDATA[public void com.qa.test.AgentPortal.VerifyCreateNewStudent.TC_011_addVisaHistory()]]>
              </value>
            </param>
          </params>
          <reporter-output>
          </reporter-output>
        </test-method> <!-- beforeTestResult -->
        <test-method signature="TC_011_addVisaHistory()[pri:11, instance:com.qa.test.AgentPortal.VerifyCreateNewStudent@1fba386c]" started-at="2025-05-22T09:23:05 IST" name="TC_011_addVisaHistory" finished-at="2025-05-22T09:23:14 IST" duration-ms="8314" status="PASS">
          <reporter-output>
          </reporter-output>
        </test-method> <!-- TC_011_addVisaHistory -->
        <test-method is-config="true" signature="afterTestResult(org.testng.ITestResult)[pri:0, instance:com.qa.test.AgentPortal.VerifyCreateNewStudent@1fba386c]" started-at="2025-05-22T09:23:14 IST" name="afterTestResult" finished-at="2025-05-22T09:23:14 IST" duration-ms="5" status="PASS">
          <params>
            <param index="0">
              <value>
                <![CDATA[[TestResult name=TC_011_addVisaHistory status=SUCCESS method=VerifyCreateNewStudent.TC_011_addVisaHistory()[pri:11, instance:com.qa.test.AgentPortal.VerifyCreateNewStudent@1fba386c] output={null}]]]>
              </value>
            </param>
          </params>
          <reporter-output>
          </reporter-output>
        </test-method> <!-- afterTestResult -->
        <test-method is-config="true" signature="closeBrowser()[pri:0, instance:com.qa.test.AgentPortal.VerifyCreateNewStudent@1fba386c]" started-at="2025-05-22T09:23:14 IST" name="closeBrowser" finished-at="2025-05-22T09:23:14 IST" duration-ms="617" status="PASS">
          <reporter-output>
          </reporter-output>
        </test-method> <!-- closeBrowser -->
        <test-method is-config="true" signature="endExtentReport()[pri:0, instance:com.qa.test.AgentPortal.VerifyCreateNewStudent@1fba386c]" started-at="2025-05-22T09:23:14 IST" name="endExtentReport" finished-at="2025-05-22T09:23:16 IST" duration-ms="1319" status="FAIL">
          <exception class="java.io.IOException">
            <message>
              <![CDATA[Cannot run program "C:\Users\vikas.verma\Automation-workspace\TechNext_Automation/allureReport.bat": CreateProcess error=2, The system cannot find the file specified]]>
            </message>
            <full-stacktrace>
              <![CDATA[java.io.IOException: Cannot run program "C:\Users\vikas.verma\Automation-workspace\TechNext_Automation/allureReport.bat": CreateProcess error=2, The system cannot find the file specified
at java.base/java.lang.ProcessBuilder.start(ProcessBuilder.java:1170)
at java.base/java.lang.ProcessBuilder.start(ProcessBuilder.java:1089)
at com.ascentone.qa.base.TestBase.runBatFile(TestBase.java:183)
at com.ascentone.qa.base.TestBase.gererateAllureReport(TestBase.java:281)
at com.ascentone.qa.base.TestBase.endExtentReport(TestBase.java:273)
at java.base/jdk.internal.reflect.DirectMethodHandleAccessor.invoke(DirectMethodHandleAccessor.java:103)
at java.base/java.lang.reflect.Method.invoke(Method.java:580)
at org.testng.internal.invokers.MethodInvocationHelper.invokeMethod(MethodInvocationHelper.java:141)
at org.testng.internal.invokers.MethodInvocationHelper.invokeMethodConsideringTimeout(MethodInvocationHelper.java:71)
at org.testng.internal.invokers.ConfigInvoker.invokeConfigurationMethod(ConfigInvoker.java:400)
at org.testng.internal.invokers.ConfigInvoker.invokeConfigurations(ConfigInvoker.java:333)
at org.testng.SuiteRunner.privateRun(SuiteRunner.java:386)
at org.testng.SuiteRunner.run(SuiteRunner.java:312)
at org.testng.SuiteRunnerWorker.runSuite(SuiteRunnerWorker.java:52)
at org.testng.SuiteRunnerWorker.run(SuiteRunnerWorker.java:95)
at org.testng.TestNG.runSuitesSequentially(TestNG.java:1274)
at org.testng.TestNG.runSuitesLocally(TestNG.java:1208)
at org.testng.TestNG.runSuites(TestNG.java:1112)
at org.testng.TestNG.run(TestNG.java:1079)
at org.testng.remote.AbstractRemoteTestNG.run(AbstractRemoteTestNG.java:115)
at org.testng.remote.RemoteTestNG.initAndRun(RemoteTestNG.java:293)
at org.testng.remote.RemoteTestNG.main(RemoteTestNG.java:91)
Caused by: java.io.IOException: CreateProcess error=2, The system cannot find the file specified
at java.base/java.lang.ProcessImpl.create(Native Method)
at java.base/java.lang.ProcessImpl.<init>(ProcessImpl.java:506)
at java.base/java.lang.ProcessImpl.start(ProcessImpl.java:159)
at java.base/java.lang.ProcessBuilder.start(ProcessBuilder.java:1126)
... 21 more
]]>
            </full-stacktrace>
          </exception> <!-- java.io.IOException -->
          <reporter-output>
          </reporter-output>
        </test-method> <!-- endExtentReport -->
      </class> <!-- com.qa.test.AgentPortal.VerifyCreateNewStudent -->
    </test> <!-- Default test -->
  </suite> <!-- Default suite -->
</testng-results>
