<?xml version="1.0" encoding="UTF-8"?>
<!-- Generated by org.testng.reporters.JUnitReportReporter -->
<testsuite hostname="TNINCHD115" failures="1" tests="10" name="com.qa.test.create_new_student.VerifyCreateNewStudent" time="79.460" errors="1" timestamp="2025-05-14T15:55:00 IST" skipped="0">
  <testcase classname="com.qa.test.create_new_student.VerifyCreateNewStudent" name="endExtentReport" time="0.982">
    <error message="Cannot run program &quot;C:\Users\vikas.verma\Automation-workspace\TechNext_Automation/allureReport.bat&quot;: CreateProcess error=2, The system cannot find the file specified" type="java.io.IOException">
      <![CDATA[java.io.IOException: Cannot run program "C:\Users\vikas.verma\Automation-workspace\TechNext_Automation/allureReport.bat": CreateProcess error=2, The system cannot find the file specified
at java.base/java.lang.ProcessBuilder.start(ProcessBuilder.java:1170)
at java.base/java.lang.ProcessBuilder.start(ProcessBuilder.java:1089)
at com.ascentone.qa.base.TestBase.runBatFile(TestBase.java:183)
at com.ascentone.qa.base.TestBase.gererateAllureReport(TestBase.java:281)
at com.ascentone.qa.base.TestBase.endExtentReport(TestBase.java:273)
at java.base/jdk.internal.reflect.DirectMethodHandleAccessor.invoke(DirectMethodHandleAccessor.java:103)
at java.base/java.lang.reflect.Method.invoke(Method.java:580)
at org.testng.internal.invokers.MethodInvocationHelper.invokeMethod(MethodInvocationHelper.java:141)
at org.testng.internal.invokers.MethodInvocationHelper.invokeMethodConsideringTimeout(MethodInvocationHelper.java:71)
at org.testng.internal.invokers.ConfigInvoker.invokeConfigurationMethod(ConfigInvoker.java:400)
at org.testng.internal.invokers.ConfigInvoker.invokeConfigurations(ConfigInvoker.java:333)
at org.testng.SuiteRunner.privateRun(SuiteRunner.java:386)
at org.testng.SuiteRunner.run(SuiteRunner.java:312)
at org.testng.SuiteRunnerWorker.runSuite(SuiteRunnerWorker.java:52)
at org.testng.SuiteRunnerWorker.run(SuiteRunnerWorker.java:95)
at org.testng.TestNG.runSuitesSequentially(TestNG.java:1274)
at org.testng.TestNG.runSuitesLocally(TestNG.java:1208)
at org.testng.TestNG.runSuites(TestNG.java:1112)
at org.testng.TestNG.run(TestNG.java:1079)
at org.testng.remote.AbstractRemoteTestNG.run(AbstractRemoteTestNG.java:115)
at org.testng.remote.RemoteTestNG.initAndRun(RemoteTestNG.java:293)
at org.testng.remote.RemoteTestNG.main(RemoteTestNG.java:91)
Caused by: java.io.IOException: CreateProcess error=2, The system cannot find the file specified
at java.base/java.lang.ProcessImpl.create(Native Method)
at java.base/java.lang.ProcessImpl.<init>(ProcessImpl.java:506)
at java.base/java.lang.ProcessImpl.start(ProcessImpl.java:159)
at java.base/java.lang.ProcessBuilder.start(ProcessBuilder.java:1126)
... 21 more
]]>
    </error>
  </testcase> <!-- endExtentReport -->
  <testcase classname="com.qa.test.create_new_student.VerifyCreateNewStudent" name="loginIntoWebApp" time="31.815"/>
  <testcase classname="com.qa.test.create_new_student.VerifyCreateNewStudent" name="goToAdmissionApplicationPage" time="0.896"/>
  <testcase classname="com.qa.test.create_new_student.VerifyCreateNewStudent" name="createNewStudent" time="8.740"/>
  <testcase classname="com.qa.test.create_new_student.VerifyCreateNewStudent" name="verifyCreatedNewStudentName" time="11.382"/>
  <testcase classname="com.qa.test.create_new_student.VerifyCreateNewStudent" name="verifyAddFamilyMember" time="2.973"/>
  <testcase classname="com.qa.test.create_new_student.VerifyCreateNewStudent" name="verifyCreatedFamMemberName" time="1.046"/>
  <testcase classname="com.qa.test.create_new_student.VerifyCreateNewStudent" name="verifyAddAddress" time="9.043"/>
  <testcase classname="com.qa.test.create_new_student.VerifyCreateNewStudent" name="verifyAddedAddressName" time="10.171">
    <failure message="null" type="java.lang.AssertionError">
      <![CDATA[java.lang.AssertionError: null
at org.testng.Assert.fail(Assert.java:111)
at org.testng.Assert.fail(Assert.java:116)
at com.qa.test.create_new_student.VerifyCreateNewStudent.verifyAddedAddressName(VerifyCreateNewStudent.java:155)
at java.base/jdk.internal.reflect.DirectMethodHandleAccessor.invoke(DirectMethodHandleAccessor.java:103)
at java.base/java.lang.reflect.Method.invoke(Method.java:580)
at org.testng.internal.invokers.MethodInvocationHelper.invokeMethod(MethodInvocationHelper.java:141)
at org.testng.internal.invokers.TestInvoker.invokeMethod(TestInvoker.java:687)
at org.testng.internal.invokers.TestInvoker.invokeTestMethod(TestInvoker.java:230)
at org.testng.internal.invokers.MethodRunner.runInSequence(MethodRunner.java:63)
at org.testng.internal.invokers.TestInvoker$MethodInvocationAgent.invoke(TestInvoker.java:995)
at org.testng.internal.invokers.TestInvoker.invokeTestMethods(TestInvoker.java:203)
at org.testng.internal.invokers.TestMethodWorker.invokeTestMethods(TestMethodWorker.java:154)
at org.testng.internal.invokers.TestMethodWorker.run(TestMethodWorker.java:134)
at java.base/java.util.ArrayList.forEach(ArrayList.java:1596)
at org.testng.TestRunner.privateRun(TestRunner.java:741)
at org.testng.TestRunner.run(TestRunner.java:616)
at org.testng.SuiteRunner.runTest(SuiteRunner.java:421)
at org.testng.SuiteRunner.runSequentially(SuiteRunner.java:413)
at org.testng.SuiteRunner.privateRun(SuiteRunner.java:373)
at org.testng.SuiteRunner.run(SuiteRunner.java:312)
at org.testng.SuiteRunnerWorker.runSuite(SuiteRunnerWorker.java:52)
at org.testng.SuiteRunnerWorker.run(SuiteRunnerWorker.java:95)
at org.testng.TestNG.runSuitesSequentially(TestNG.java:1274)
at org.testng.TestNG.runSuitesLocally(TestNG.java:1208)
at org.testng.TestNG.runSuites(TestNG.java:1112)
at org.testng.TestNG.run(TestNG.java:1079)
at org.testng.remote.AbstractRemoteTestNG.run(AbstractRemoteTestNG.java:115)
at org.testng.remote.RemoteTestNG.initAndRun(RemoteTestNG.java:293)
at org.testng.remote.RemoteTestNG.main(RemoteTestNG.java:91)
]]>
    </failure>
  </testcase> <!-- verifyAddedAddressName -->
  <testcase classname="com.qa.test.create_new_student.VerifyCreateNewStudent" name="addPassportDetails" time="2.412"/>
  <system-out>
    <![CDATA[<a href='C:\Users\vikas.verma\Automation-workspace\TechNext_Automation\TestReports\Screenshot\verifyAddedAddressName_20250514035456.png'> <img src='C:\Users\vikas.verma\Automation-workspace\TechNext_Automation\TestReports\Screenshot\verifyAddedAddressName_20250514035456.png' height='400' width='700'/> </a>]]>
  </system-out>
</testsuite> <!-- com.qa.test.create_new_student.VerifyCreateNewStudent -->
